<?xml version="1.0" encoding="UTF-8"?>
<testng-results ignored="0" total="1" passed="1" failed="0" skipped="0">
  <reporter-output>
  </reporter-output>
  <suite started-at="2025-04-20T01:05:10 IST" name="Default suite" finished-at="2025-04-20T01:05:15 IST" duration-ms="4819">
    <groups>
    </groups>
    <test started-at="2025-04-20T01:05:10 IST" name="Default test" finished-at="2025-04-20T01:05:15 IST" duration-ms="4819">
      <class name="Session3.PathAndQueryParameters">
        <test-method signature="testPathAndQueryParameter()[pri:0, instance:Session3.PathAndQueryParameters@1b1426f4]" started-at="2025-04-20T01:05:11 IST" name="testPathAndQueryParameter" finished-at="2025-04-20T01:05:15 IST" duration-ms="4758" status="PASS">
          <reporter-output>
          </reporter-output>
        </test-method> <!-- testPathAndQueryParameter -->
      </class> <!-- Session3.PathAndQueryParameters -->
    </test> <!-- Default test -->
  </suite> <!-- Default suite -->
</testng-results>
